2018/09/05 23:06:31 [INFO] Terraform version: 0.11.7  
2018/09/05 23:06:31 [INFO] Go runtime version: go1.10.1
2018/09/05 23:06:31 [INFO] CLI args: []string{"/usr/local/Cellar/terraform/0.11.7/bin/terraform", "apply"}
2018/09/05 23:06:31 [DEBUG] Attempting to open CLI config file: /Users/nbalestra/.terraformrc
2018/09/05 23:06:31 [DEBUG] File doesn't exist, but doesn't need to. Ignoring.
2018/09/05 23:06:31 [INFO] CLI command args: []string{"apply"}
2018/09/05 23:06:31 [INFO] command: empty terraform config, returning nil
2018/09/05 23:06:31 [DEBUG] command: no data state file found for backend config
2018/09/05 23:06:31 [DEBUG] New state was assigned lineage "c5609c7d-7716-6e27-b5b4-2e459e54f5f9"
2018/09/05 23:06:31 [INFO] command: backend initialized: <nil>
2018/09/05 23:06:31 [DEBUG] checking for provider in "."
2018/09/05 23:06:31 [WARN] found legacy provider "terraform-provider-anypoint"
2018/09/05 23:06:31 [DEBUG] checking for provider in "/usr/local/Cellar/terraform/0.11.7/bin"
2018/09/05 23:06:31 [DEBUG] checking for provider in ".terraform/plugins/darwin_amd64"
2018/09/05 23:06:31 [DEBUG] checking for provider in "/Users/nbalestra/.terraform.d/plugins"
2018/09/05 23:06:31 [DEBUG] checking for provider in "/Users/nbalestra/.terraform.d/plugins/darwin_amd64"
2018/09/05 23:06:31 [WARN] found legacy provider "terraform-provider-anypoint"
2018/09/05 23:06:31 [DEBUG] found valid plugin: "anypoint", "0.0.0", "/Users/nbalestra/dev/go/src/github.com/tech-nico/terraform-provider-anypoint/terraform-provider-anypoint"
2018/09/05 23:06:31 [DEBUG] checking for provisioner in "."
2018/09/05 23:06:31 [DEBUG] checking for provisioner in "/usr/local/Cellar/terraform/0.11.7/bin"
2018/09/05 23:06:31 [DEBUG] checking for provisioner in ".terraform/plugins/darwin_amd64"
2018/09/05 23:06:31 [DEBUG] checking for provisioner in "/Users/nbalestra/.terraform.d/plugins"
2018/09/05 23:06:31 [DEBUG] checking for provisioner in "/Users/nbalestra/.terraform.d/plugins/darwin_amd64"
2018/09/05 23:06:31 [INFO] command: backend <nil> is not enhanced, wrapping in local
2018/09/05 23:06:31 [INFO] backend/local: starting Apply operation
2018/09/05 23:06:31 [TRACE] Preserving existing state lineage "ad255d93-ecbe-fe8f-87d3-424f957519cf"
2018/09/05 23:06:31 [TRACE] Preserving existing state lineage "ad255d93-ecbe-fe8f-87d3-424f957519cf"
2018/09/05 23:06:31 [INFO] terraform: building graph: GraphTypeInput
2018/09/05 23:06:31 [TRACE] ConfigTransformer: Starting for path: []
2018/09/05 23:06:31 [TRACE] Graph after step *terraform.ConfigTransformer:

anypoint_business_group.Org1 - *terraform.NodeAbstractResource
2018/09/05 23:06:31 [TRACE] Graph after step *terraform.LocalTransformer:

anypoint_business_group.Org1 - *terraform.NodeAbstractResource
2018/09/05 23:06:31 [TRACE] Graph after step *terraform.OutputTransformer:

anypoint_business_group.Org1 - *terraform.NodeAbstractResource
2018/09/05 23:06:31 [TRACE] Graph after step *terraform.OrphanResourceTransformer:

anypoint_business_group.Org1 - *terraform.NodeAbstractResource
2018/09/05 23:06:31 [TRACE] Graph after step *terraform.OrphanOutputTransformer:

anypoint_business_group.Org1 - *terraform.NodeAbstractResource
2018/09/05 23:06:31 [TRACE] AttachResourceConfigTransformer: Beginning...
2018/09/05 23:06:31 [TRACE] AttachResourceConfigTransformer: Attach resource config request: anypoint_business_group.Org1
2018/09/05 23:06:31 [TRACE] Attaching resource config: &config.Resource{Mode:0, Name:"Org1", Type:"anypoint_business_group", RawCount:(*config.RawConfig)(0xc4204248c0), RawConfig:(*config.RawConfig)(0xc420424850), Provisioners:[]*config.Provisioner(nil), Provider:"", DependsOn:[]string(nil), Lifecycle:config.ResourceLifecycle{CreateBeforeDestroy:false, PreventDestroy:false, IgnoreChanges:[]string(nil)}}
2018/09/05 23:06:31 [TRACE] Graph after step *terraform.AttachResourceConfigTransformer:

anypoint_business_group.Org1 - *terraform.NodeAbstractResource
2018/09/05 23:06:31 [DEBUG] Attaching resource state to "anypoint_business_group.Org1": &terraform.ResourceState{Type:"anypoint_business_group", Dependencies:[]string{}, Primary:(*terraform.InstanceState)(0xc42032c730), Deposed:[]*terraform.InstanceState{}, Provider:"provider.anypoint", mu:sync.Mutex{state:0, sema:0x0}}
2018/09/05 23:06:31 [TRACE] Graph after step *terraform.AttachStateTransformer:

anypoint_business_group.Org1 - *terraform.NodeAbstractResource
2018/09/05 23:06:31 [TRACE] Graph after step *terraform.RootVariableTransformer:

anypoint_business_group.Org1 - *terraform.NodeAbstractResource
2018/09/05 23:06:31 [TRACE] ProviderConfigTransformer: Starting for path: []
2018/09/05 23:06:31 [TRACE] Graph after step *terraform.ProviderConfigTransformer:

anypoint_business_group.Org1 - *terraform.NodeAbstractResource
2018/09/05 23:06:31 [DEBUG] adding missing provider: anypoint
2018/09/05 23:06:31 [TRACE] Graph after step *terraform.MissingProviderTransformer:

anypoint_business_group.Org1 - *terraform.NodeAbstractResource
provider.anypoint - *terraform.NodeApplyableProvider
2018/09/05 23:06:31 [DEBUG] resource anypoint_business_group.Org1 using provider provider.anypoint
2018/09/05 23:06:31 [TRACE] Graph after step *terraform.ProviderTransformer:

anypoint_business_group.Org1 - *terraform.NodeAbstractResource
  provider.anypoint - *terraform.NodeApplyableProvider
provider.anypoint - *terraform.NodeApplyableProvider
2018/09/05 23:06:31 [TRACE] Graph after step *terraform.PruneProviderTransformer:

anypoint_business_group.Org1 - *terraform.NodeAbstractResource
  provider.anypoint - *terraform.NodeApplyableProvider
provider.anypoint - *terraform.NodeApplyableProvider
2018/09/05 23:06:31 [TRACE] Graph after step *terraform.ParentProviderTransformer:

anypoint_business_group.Org1 - *terraform.NodeAbstractResource
  provider.anypoint - *terraform.NodeApplyableProvider
provider.anypoint - *terraform.NodeApplyableProvider
2018/09/05 23:06:31 [TRACE] Graph after step *terraform.graphTransformerMulti:

anypoint_business_group.Org1 - *terraform.NodeAbstractResource
  provider.anypoint - *terraform.NodeApplyableProvider
provider.anypoint - *terraform.NodeApplyableProvider
2018/09/05 23:06:31 [TRACE] Graph after step *terraform.ModuleVariableTransformer:

anypoint_business_group.Org1 - *terraform.NodeAbstractResource
  provider.anypoint - *terraform.NodeApplyableProvider
provider.anypoint - *terraform.NodeApplyableProvider
2018/09/05 23:06:31 [TRACE] Graph after step *terraform.RemovedModuleTransformer:

anypoint_business_group.Org1 - *terraform.NodeAbstractResource
  provider.anypoint - *terraform.NodeApplyableProvider
provider.anypoint - *terraform.NodeApplyableProvider
2018/09/05 23:06:31 [DEBUG] ReferenceTransformer: "anypoint_business_group.Org1" references: []
2018/09/05 23:06:31 [DEBUG] ReferenceTransformer: "provider.anypoint" references: []
2018/09/05 23:06:31 [TRACE] Graph after step *terraform.ReferenceTransformer:

anypoint_business_group.Org1 - *terraform.NodeAbstractResource
  provider.anypoint - *terraform.NodeApplyableProvider
provider.anypoint - *terraform.NodeApplyableProvider
2018/09/05 23:06:31 [TRACE] Graph after step *terraform.CountBoundaryTransformer:

anypoint_business_group.Org1 - *terraform.NodeAbstractResource
  provider.anypoint - *terraform.NodeApplyableProvider
meta.count-boundary (count boundary fixup) - *terraform.NodeCountBoundary
  anypoint_business_group.Org1 - *terraform.NodeAbstractResource
  provider.anypoint - *terraform.NodeApplyableProvider
provider.anypoint - *terraform.NodeApplyableProvider
2018/09/05 23:06:31 [TRACE] Graph after step *terraform.TargetsTransformer:

anypoint_business_group.Org1 - *terraform.NodeAbstractResource
  provider.anypoint - *terraform.NodeApplyableProvider
meta.count-boundary (count boundary fixup) - *terraform.NodeCountBoundary
  anypoint_business_group.Org1 - *terraform.NodeAbstractResource
  provider.anypoint - *terraform.NodeApplyableProvider
provider.anypoint - *terraform.NodeApplyableProvider
2018/09/05 23:06:31 [TRACE] Graph after step *terraform.CloseProviderTransformer:

anypoint_business_group.Org1 - *terraform.NodeAbstractResource
  provider.anypoint - *terraform.NodeApplyableProvider
meta.count-boundary (count boundary fixup) - *terraform.NodeCountBoundary
  anypoint_business_group.Org1 - *terraform.NodeAbstractResource
  provider.anypoint - *terraform.NodeApplyableProvider
provider.anypoint - *terraform.NodeApplyableProvider
provider.anypoint (close) - *terraform.graphNodeCloseProvider
  anypoint_business_group.Org1 - *terraform.NodeAbstractResource
  provider.anypoint - *terraform.NodeApplyableProvider
2018/09/05 23:06:31 [TRACE] Graph after step *terraform.CloseProvisionerTransformer:

anypoint_business_group.Org1 - *terraform.NodeAbstractResource
  provider.anypoint - *terraform.NodeApplyableProvider
meta.count-boundary (count boundary fixup) - *terraform.NodeCountBoundary
  anypoint_business_group.Org1 - *terraform.NodeAbstractResource
  provider.anypoint - *terraform.NodeApplyableProvider
provider.anypoint - *terraform.NodeApplyableProvider
provider.anypoint (close) - *terraform.graphNodeCloseProvider
  anypoint_business_group.Org1 - *terraform.NodeAbstractResource
  provider.anypoint - *terraform.NodeApplyableProvider
2018/09/05 23:06:31 [TRACE] Graph after step *terraform.RootTransformer:

anypoint_business_group.Org1 - *terraform.NodeAbstractResource
  provider.anypoint - *terraform.NodeApplyableProvider
meta.count-boundary (count boundary fixup) - *terraform.NodeCountBoundary
  anypoint_business_group.Org1 - *terraform.NodeAbstractResource
  provider.anypoint - *terraform.NodeApplyableProvider
provider.anypoint - *terraform.NodeApplyableProvider
provider.anypoint (close) - *terraform.graphNodeCloseProvider
  anypoint_business_group.Org1 - *terraform.NodeAbstractResource
  provider.anypoint - *terraform.NodeApplyableProvider
root - terraform.graphNodeRoot
  meta.count-boundary (count boundary fixup) - *terraform.NodeCountBoundary
  provider.anypoint (close) - *terraform.graphNodeCloseProvider
2018/09/05 23:06:31 [TRACE] Graph after step *terraform.TransitiveReductionTransformer:

anypoint_business_group.Org1 - *terraform.NodeAbstractResource
  provider.anypoint - *terraform.NodeApplyableProvider
meta.count-boundary (count boundary fixup) - *terraform.NodeCountBoundary
  anypoint_business_group.Org1 - *terraform.NodeAbstractResource
provider.anypoint - *terraform.NodeApplyableProvider
provider.anypoint (close) - *terraform.graphNodeCloseProvider
  anypoint_business_group.Org1 - *terraform.NodeAbstractResource
root - terraform.graphNodeRoot
  meta.count-boundary (count boundary fixup) - *terraform.NodeCountBoundary
  provider.anypoint (close) - *terraform.graphNodeCloseProvider
2018/09/05 23:06:31 [DEBUG] Starting graph walk: walkInput
2018/09/05 23:06:31 [TRACE] dag/walk: added new vertex: "provider.anypoint (close)"
2018/09/05 23:06:31 [TRACE] dag/walk: added new vertex: "root"
2018/09/05 23:06:31 [TRACE] dag/walk: added new vertex: "anypoint_business_group.Org1"
2018/09/05 23:06:31 [TRACE] dag/walk: added new vertex: "provider.anypoint"
2018/09/05 23:06:31 [TRACE] dag/walk: added new vertex: "meta.count-boundary (count boundary fixup)"
2018/09/05 23:06:31 [TRACE] dag/walk: added edge: "anypoint_business_group.Org1" waiting on "provider.anypoint"
2018/09/05 23:06:31 [TRACE] dag/walk: added edge: "meta.count-boundary (count boundary fixup)" waiting on "anypoint_business_group.Org1"
2018/09/05 23:06:31 [TRACE] dag/walk: added edge: "provider.anypoint (close)" waiting on "anypoint_business_group.Org1"
2018/09/05 23:06:31 [TRACE] dag/walk: added edge: "root" waiting on "meta.count-boundary (count boundary fixup)"
2018/09/05 23:06:31 [TRACE] dag/walk: added edge: "root" waiting on "provider.anypoint (close)"
2018/09/05 23:06:31 [TRACE] dag/walk: dependencies changed for "anypoint_business_group.Org1", sending new deps
2018/09/05 23:06:31 [TRACE] dag/walk: dependencies changed for "meta.count-boundary (count boundary fixup)", sending new deps
2018/09/05 23:06:31 [TRACE] dag/walk: dependencies changed for "provider.anypoint (close)", sending new deps
2018/09/05 23:06:31 [TRACE] dag/walk: dependencies changed for "root", sending new deps
2018/09/05 23:06:31 [TRACE] dag/walk: walking "provider.anypoint"
2018/09/05 23:06:31 [TRACE] vertex 'root.provider.anypoint': walking
2018/09/05 23:06:31 [TRACE] vertex 'root.provider.anypoint': evaluating
2018/09/05 23:06:31 [TRACE] [walkInput] Entering eval tree: provider.anypoint
2018/09/05 23:06:31 [TRACE] root: eval: *terraform.EvalSequence
2018/09/05 23:06:31 [TRACE] root: eval: *terraform.EvalInitProvider
2018-09-05T23:06:31.552+0100 [DEBUG] plugin: starting plugin: path=/Users/nbalestra/dev/go/src/github.com/tech-nico/terraform-provider-anypoint/terraform-provider-anypoint args=[/Users/nbalestra/dev/go/src/github.com/tech-nico/terraform-provider-anypoint/terraform-provider-anypoint]
2018-09-05T23:06:31.557+0100 [DEBUG] plugin: waiting for RPC address: path=/Users/nbalestra/dev/go/src/github.com/tech-nico/terraform-provider-anypoint/terraform-provider-anypoint
2018-09-05T23:06:31.581+0100 [DEBUG] plugin.terraform-provider-anypoint: plugin address: timestamp=2018-09-05T23:06:31.581+0100 address=/var/folders/7y/04rms6z17nq_6zvpqsy4fxk8zr0l2l/T/plugin964544820 network=unix
2018/09/05 23:06:31 [TRACE] root: eval: *terraform.EvalOpFilter
2018/09/05 23:06:31 [TRACE] root: eval: *terraform.EvalSequence
2018/09/05 23:06:31 [TRACE] root: eval: *terraform.EvalGetProvider
2018/09/05 23:06:31 [TRACE] root: eval: *terraform.EvalInterpolateProvider
2018/09/05 23:06:31 [TRACE] root: eval: *terraform.EvalBuildProviderConfig
2018/09/05 23:06:31 [TRACE] root: eval: *terraform.EvalInputProvider
2018/09/05 23:06:31 [TRACE] root: eval: terraform.EvalNoop
2018/09/05 23:06:31 [TRACE] root: eval: terraform.EvalNoop
2018/09/05 23:06:31 [TRACE] root: eval: terraform.EvalNoop
2018/09/05 23:06:31 [TRACE] [walkInput] Exiting eval tree: provider.anypoint
2018/09/05 23:06:31 [TRACE] dag/walk: walking "anypoint_business_group.Org1"
2018/09/05 23:06:31 [TRACE] vertex 'root.anypoint_business_group.Org1': walking
2018/09/05 23:06:31 [TRACE] dag/walk: walking "provider.anypoint (close)"
2018/09/05 23:06:31 [TRACE] vertex 'root.provider.anypoint (close)': walking
2018/09/05 23:06:31 [TRACE] vertex 'root.provider.anypoint (close)': evaluating
2018/09/05 23:06:31 [TRACE] [walkInput] Entering eval tree: provider.anypoint (close)
2018/09/05 23:06:31 [TRACE] dag/walk: walking "meta.count-boundary (count boundary fixup)"
2018/09/05 23:06:31 [TRACE] root: eval: *terraform.EvalCloseProvider
2018/09/05 23:06:31 [TRACE] vertex 'root.meta.count-boundary (count boundary fixup)': walking
2018/09/05 23:06:31 [TRACE] [walkInput] Exiting eval tree: provider.anypoint (close)
2018/09/05 23:06:31 [TRACE] vertex 'root.meta.count-boundary (count boundary fixup)': evaluating
2018/09/05 23:06:31 [TRACE] [walkInput] Entering eval tree: meta.count-boundary (count boundary fixup)
2018/09/05 23:06:31 [TRACE] root: eval: *terraform.EvalCountFixZeroOneBoundaryGlobal
2018/09/05 23:06:31 [TRACE] EvalCountFixZeroOneBoundaryGlobal: count 1, search "anypoint_business_group.Org1.0", replace "anypoint_business_group.Org1"
2018/09/05 23:06:31 [TRACE] [walkInput] Exiting eval tree: meta.count-boundary (count boundary fixup)
2018/09/05 23:06:31 [TRACE] dag/walk: walking "root"
2018/09/05 23:06:31 [TRACE] vertex 'root.root': walking
2018/09/05 23:06:31 [INFO] terraform: building graph: GraphTypeValidate
2018/09/05 23:06:31 [TRACE] ConfigTransformer: Starting for path: []
2018/09/05 23:06:31 [TRACE] Graph after step *terraform.ConfigTransformer:

anypoint_business_group.Org1 - *terraform.NodeValidatableResource
2018/09/05 23:06:31 [TRACE] Graph after step *terraform.LocalTransformer:

anypoint_business_group.Org1 - *terraform.NodeValidatableResource
2018/09/05 23:06:31 [TRACE] Graph after step *terraform.OutputTransformer:

anypoint_business_group.Org1 - *terraform.NodeValidatableResource
2018/09/05 23:06:31 [TRACE] Graph after step *terraform.OrphanResourceTransformer:

anypoint_business_group.Org1 - *terraform.NodeValidatableResource
2018/09/05 23:06:31 [TRACE] Graph after step *terraform.OrphanOutputTransformer:

anypoint_business_group.Org1 - *terraform.NodeValidatableResource
2018/09/05 23:06:31 [TRACE] AttachResourceConfigTransformer: Beginning...
2018/09/05 23:06:31 [TRACE] AttachResourceConfigTransformer: Attach resource config request: anypoint_business_group.Org1
2018/09/05 23:06:31 [TRACE] Attaching resource config: &config.Resource{Mode:0, Name:"Org1", Type:"anypoint_business_group", RawCount:(*config.RawConfig)(0xc4204248c0), RawConfig:(*config.RawConfig)(0xc420424850), Provisioners:[]*config.Provisioner(nil), Provider:"", DependsOn:[]string(nil), Lifecycle:config.ResourceLifecycle{CreateBeforeDestroy:false, PreventDestroy:false, IgnoreChanges:[]string(nil)}}
2018/09/05 23:06:31 [TRACE] Graph after step *terraform.AttachResourceConfigTransformer:

anypoint_business_group.Org1 - *terraform.NodeValidatableResource
2018/09/05 23:06:31 [DEBUG] Attaching resource state to "anypoint_business_group.Org1": &terraform.ResourceState{Type:"anypoint_business_group", Dependencies:[]string{}, Primary:(*terraform.InstanceState)(0xc42032c730), Deposed:[]*terraform.InstanceState{}, Provider:"provider.anypoint", mu:sync.Mutex{state:0, sema:0x0}}
2018/09/05 23:06:31 [TRACE] Graph after step *terraform.AttachStateTransformer:

anypoint_business_group.Org1 - *terraform.NodeValidatableResource
2018/09/05 23:06:31 [TRACE] Graph after step *terraform.RootVariableTransformer:

anypoint_business_group.Org1 - *terraform.NodeValidatableResource
2018/09/05 23:06:31 [TRACE] ProviderConfigTransformer: Starting for path: []
2018/09/05 23:06:31 [TRACE] Graph after step *terraform.ProviderConfigTransformer:

anypoint_business_group.Org1 - *terraform.NodeValidatableResource
2018/09/05 23:06:31 [DEBUG] adding missing provider: anypoint
2018/09/05 23:06:31 [TRACE] Graph after step *terraform.MissingProviderTransformer:

anypoint_business_group.Org1 - *terraform.NodeValidatableResource
provider.anypoint - *terraform.NodeApplyableProvider
2018/09/05 23:06:31 [DEBUG] resource anypoint_business_group.Org1 using provider provider.anypoint
2018/09/05 23:06:31 [TRACE] Graph after step *terraform.ProviderTransformer:

anypoint_business_group.Org1 - *terraform.NodeValidatableResource
  provider.anypoint - *terraform.NodeApplyableProvider
provider.anypoint - *terraform.NodeApplyableProvider
2018/09/05 23:06:31 [TRACE] Graph after step *terraform.PruneProviderTransformer:

anypoint_business_group.Org1 - *terraform.NodeValidatableResource
  provider.anypoint - *terraform.NodeApplyableProvider
provider.anypoint - *terraform.NodeApplyableProvider
2018/09/05 23:06:31 [TRACE] Graph after step *terraform.ParentProviderTransformer:

anypoint_business_group.Org1 - *terraform.NodeValidatableResource
  provider.anypoint - *terraform.NodeApplyableProvider
provider.anypoint - *terraform.NodeApplyableProvider
2018/09/05 23:06:31 [TRACE] Graph after step *terraform.graphTransformerMulti:

anypoint_business_group.Org1 - *terraform.NodeValidatableResource
  provider.anypoint - *terraform.NodeApplyableProvider
provider.anypoint - *terraform.NodeApplyableProvider
2018/09/05 23:06:31 [TRACE] Graph after step *terraform.MissingProvisionerTransformer:

anypoint_business_group.Org1 - *terraform.NodeValidatableResource
  provider.anypoint - *terraform.NodeApplyableProvider
provider.anypoint - *terraform.NodeApplyableProvider
2018/09/05 23:06:31 [TRACE] Graph after step *terraform.ProvisionerTransformer:

anypoint_business_group.Org1 - *terraform.NodeValidatableResource
  provider.anypoint - *terraform.NodeApplyableProvider
provider.anypoint - *terraform.NodeApplyableProvider
2018/09/05 23:06:31 [TRACE] Graph after step *terraform.graphTransformerMulti:

anypoint_business_group.Org1 - *terraform.NodeValidatableResource
  provider.anypoint - *terraform.NodeApplyableProvider
provider.anypoint - *terraform.NodeApplyableProvider
2018/09/05 23:06:31 [TRACE] Graph after step *terraform.ModuleVariableTransformer:

anypoint_business_group.Org1 - *terraform.NodeValidatableResource
  provider.anypoint - *terraform.NodeApplyableProvider
provider.anypoint - *terraform.NodeApplyableProvider
2018/09/05 23:06:31 [TRACE] Graph after step *terraform.RemovedModuleTransformer:

anypoint_business_group.Org1 - *terraform.NodeValidatableResource
  provider.anypoint - *terraform.NodeApplyableProvider
provider.anypoint - *terraform.NodeApplyableProvider
2018/09/05 23:06:31 [DEBUG] ReferenceTransformer: "provider.anypoint" references: []
2018/09/05 23:06:31 [DEBUG] ReferenceTransformer: "anypoint_business_group.Org1" references: []
2018/09/05 23:06:31 [TRACE] Graph after step *terraform.ReferenceTransformer:

anypoint_business_group.Org1 - *terraform.NodeValidatableResource
  provider.anypoint - *terraform.NodeApplyableProvider
provider.anypoint - *terraform.NodeApplyableProvider
2018/09/05 23:06:31 [TRACE] Graph after step *terraform.CountBoundaryTransformer:

anypoint_business_group.Org1 - *terraform.NodeValidatableResource
  provider.anypoint - *terraform.NodeApplyableProvider
meta.count-boundary (count boundary fixup) - *terraform.NodeCountBoundary
  anypoint_business_group.Org1 - *terraform.NodeValidatableResource
  provider.anypoint - *terraform.NodeApplyableProvider
provider.anypoint - *terraform.NodeApplyableProvider
2018/09/05 23:06:31 [TRACE] Graph after step *terraform.TargetsTransformer:

anypoint_business_group.Org1 - *terraform.NodeValidatableResource
  provider.anypoint - *terraform.NodeApplyableProvider
meta.count-boundary (count boundary fixup) - *terraform.NodeCountBoundary
  anypoint_business_group.Org1 - *terraform.NodeValidatableResource
  provider.anypoint - *terraform.NodeApplyableProvider
provider.anypoint - *terraform.NodeApplyableProvider
2018/09/05 23:06:31 [TRACE] Graph after step *terraform.CloseProviderTransformer:

anypoint_business_group.Org1 - *terraform.NodeValidatableResource
  provider.anypoint - *terraform.NodeApplyableProvider
meta.count-boundary (count boundary fixup) - *terraform.NodeCountBoundary
  anypoint_business_group.Org1 - *terraform.NodeValidatableResource
  provider.anypoint - *terraform.NodeApplyableProvider
provider.anypoint - *terraform.NodeApplyableProvider
provider.anypoint (close) - *terraform.graphNodeCloseProvider
  anypoint_business_group.Org1 - *terraform.NodeValidatableResource
  provider.anypoint - *terraform.NodeApplyableProvider
2018/09/05 23:06:31 [TRACE] Graph after step *terraform.CloseProvisionerTransformer:

anypoint_business_group.Org1 - *terraform.NodeValidatableResource
  provider.anypoint - *terraform.NodeApplyableProvider
meta.count-boundary (count boundary fixup) - *terraform.NodeCountBoundary
  anypoint_business_group.Org1 - *terraform.NodeValidatableResource
  provider.anypoint - *terraform.NodeApplyableProvider
provider.anypoint - *terraform.NodeApplyableProvider
provider.anypoint (close) - *terraform.graphNodeCloseProvider
  anypoint_business_group.Org1 - *terraform.NodeValidatableResource
  provider.anypoint - *terraform.NodeApplyableProvider
2018/09/05 23:06:31 [TRACE] Graph after step *terraform.RootTransformer:

anypoint_business_group.Org1 - *terraform.NodeValidatableResource
  provider.anypoint - *terraform.NodeApplyableProvider
meta.count-boundary (count boundary fixup) - *terraform.NodeCountBoundary
  anypoint_business_group.Org1 - *terraform.NodeValidatableResource
  provider.anypoint - *terraform.NodeApplyableProvider
provider.anypoint - *terraform.NodeApplyableProvider
provider.anypoint (close) - *terraform.graphNodeCloseProvider
  anypoint_business_group.Org1 - *terraform.NodeValidatableResource
  provider.anypoint - *terraform.NodeApplyableProvider
root - terraform.graphNodeRoot
  meta.count-boundary (count boundary fixup) - *terraform.NodeCountBoundary
  provider.anypoint (close) - *terraform.graphNodeCloseProvider
2018/09/05 23:06:31 [TRACE] Graph after step *terraform.TransitiveReductionTransformer:

anypoint_business_group.Org1 - *terraform.NodeValidatableResource
  provider.anypoint - *terraform.NodeApplyableProvider
meta.count-boundary (count boundary fixup) - *terraform.NodeCountBoundary
  anypoint_business_group.Org1 - *terraform.NodeValidatableResource
provider.anypoint - *terraform.NodeApplyableProvider
provider.anypoint (close) - *terraform.graphNodeCloseProvider
  anypoint_business_group.Org1 - *terraform.NodeValidatableResource
root - terraform.graphNodeRoot
  meta.count-boundary (count boundary fixup) - *terraform.NodeCountBoundary
  provider.anypoint (close) - *terraform.graphNodeCloseProvider
2018/09/05 23:06:31 [DEBUG] Starting graph walk: walkValidate
2018/09/05 23:06:31 [TRACE] dag/walk: added new vertex: "root"
2018/09/05 23:06:31 [TRACE] dag/walk: added new vertex: "anypoint_business_group.Org1"
2018/09/05 23:06:31 [TRACE] dag/walk: added new vertex: "provider.anypoint"
2018/09/05 23:06:31 [TRACE] dag/walk: added new vertex: "meta.count-boundary (count boundary fixup)"
2018/09/05 23:06:31 [TRACE] dag/walk: added new vertex: "provider.anypoint (close)"
2018/09/05 23:06:31 [TRACE] dag/walk: added edge: "root" waiting on "provider.anypoint (close)"
2018/09/05 23:06:31 [TRACE] dag/walk: added edge: "anypoint_business_group.Org1" waiting on "provider.anypoint"
2018/09/05 23:06:31 [TRACE] dag/walk: added edge: "meta.count-boundary (count boundary fixup)" waiting on "anypoint_business_group.Org1"
2018/09/05 23:06:31 [TRACE] dag/walk: added edge: "provider.anypoint (close)" waiting on "anypoint_business_group.Org1"
2018/09/05 23:06:31 [TRACE] dag/walk: added edge: "root" waiting on "meta.count-boundary (count boundary fixup)"
2018/09/05 23:06:31 [TRACE] dag/walk: dependencies changed for "anypoint_business_group.Org1", sending new deps
2018/09/05 23:06:31 [TRACE] dag/walk: dependencies changed for "meta.count-boundary (count boundary fixup)", sending new deps
2018/09/05 23:06:31 [TRACE] dag/walk: dependencies changed for "provider.anypoint (close)", sending new deps
2018/09/05 23:06:31 [TRACE] dag/walk: dependencies changed for "root", sending new deps
2018/09/05 23:06:31 [TRACE] dag/walk: walking "provider.anypoint"
2018/09/05 23:06:31 [TRACE] vertex 'root.provider.anypoint': walking
2018/09/05 23:06:31 [TRACE] vertex 'root.provider.anypoint': evaluating
2018/09/05 23:06:31 [TRACE] [walkValidate] Entering eval tree: provider.anypoint
2018/09/05 23:06:31 [TRACE] root: eval: *terraform.EvalSequence
2018/09/05 23:06:31 [TRACE] root: eval: *terraform.EvalInitProvider
2018/09/05 23:06:31 [TRACE] root: eval: terraform.EvalNoop
2018/09/05 23:06:31 [TRACE] root: eval: *terraform.EvalOpFilter
2018/09/05 23:06:31 [TRACE] root: eval: *terraform.EvalSequence
2018/09/05 23:06:31 [TRACE] root: eval: *terraform.EvalGetProvider
2018/09/05 23:06:31 [TRACE] root: eval: *terraform.EvalInterpolateProvider
2018/09/05 23:06:31 [TRACE] root: eval: *terraform.EvalBuildProviderConfig
2018/09/05 23:06:31 [TRACE] root: eval: *terraform.EvalValidateProvider
2018/09/05 23:06:31 [TRACE] root: eval: terraform.EvalNoop
2018/09/05 23:06:31 [TRACE] root: eval: terraform.EvalNoop
2018/09/05 23:06:31 [TRACE] [walkValidate] Exiting eval tree: provider.anypoint
2018/09/05 23:06:31 [TRACE] dag/walk: walking "anypoint_business_group.Org1"
2018/09/05 23:06:31 [TRACE] vertex 'root.anypoint_business_group.Org1': walking
2018/09/05 23:06:31 [TRACE] vertex 'root.anypoint_business_group.Org1': evaluating
2018/09/05 23:06:31 [TRACE] [walkValidate] Entering eval tree: anypoint_business_group.Org1
2018/09/05 23:06:31 [TRACE] root: eval: *terraform.EvalSequence
2018/09/05 23:06:31 [TRACE] root: eval: *terraform.EvalInterpolate
2018/09/05 23:06:31 [TRACE] root: eval: *terraform.EvalIf
2018/09/05 23:06:31 [TRACE] root: eval: *terraform.EvalValidateCount
2018/09/05 23:06:31 [TRACE] root: eval: *terraform.EvalCountFixZeroOneBoundary
2018/09/05 23:06:31 [TRACE] [walkValidate] Exiting eval tree: anypoint_business_group.Org1
2018/09/05 23:06:31 [TRACE] vertex 'root.anypoint_business_group.Org1': expanding/walking dynamic subgraph
2018/09/05 23:06:31 [TRACE] Graph after step *terraform.ResourceCountTransformer:

anypoint_business_group.Org1 - *terraform.NodeValidatableResourceInstance
2018/09/05 23:06:31 [DEBUG] Attaching resource state to "anypoint_business_group.Org1": &terraform.ResourceState{Type:"anypoint_business_group", Dependencies:[]string{}, Primary:(*terraform.InstanceState)(0xc42032c730), Deposed:[]*terraform.InstanceState{}, Provider:"provider.anypoint", mu:sync.Mutex{state:0, sema:0x0}}
2018/09/05 23:06:31 [TRACE] Graph after step *terraform.AttachStateTransformer:

anypoint_business_group.Org1 - *terraform.NodeValidatableResourceInstance
2018/09/05 23:06:31 [TRACE] Graph after step *terraform.TargetsTransformer:

anypoint_business_group.Org1 - *terraform.NodeValidatableResourceInstance
2018/09/05 23:06:31 [DEBUG] ReferenceTransformer: "anypoint_business_group.Org1" references: []
2018/09/05 23:06:31 [TRACE] Graph after step *terraform.ReferenceTransformer:

anypoint_business_group.Org1 - *terraform.NodeValidatableResourceInstance
2018/09/05 23:06:31 [TRACE] Graph after step *terraform.RootTransformer:

anypoint_business_group.Org1 - *terraform.NodeValidatableResourceInstance
2018/09/05 23:06:31 [TRACE] dag/walk: added new vertex: "anypoint_business_group.Org1"
2018/09/05 23:06:31 [TRACE] dag/walk: walking "anypoint_business_group.Org1"
2018/09/05 23:06:31 [TRACE] vertex 'root.anypoint_business_group.Org1': walking
2018/09/05 23:06:31 [TRACE] vertex 'root.anypoint_business_group.Org1': evaluating
2018/09/05 23:06:31 [TRACE] [walkValidate] Entering eval tree: anypoint_business_group.Org1
2018/09/05 23:06:31 [TRACE] root: eval: *terraform.EvalSequence
2018/09/05 23:06:31 [TRACE] root: eval: *terraform.EvalValidateResourceSelfRef
2018/09/05 23:06:31 [TRACE] root: eval: *terraform.EvalGetProvider
2018/09/05 23:06:31 [TRACE] root: eval: *terraform.EvalInterpolate
2018/09/05 23:06:31 [TRACE] root: eval: *terraform.EvalValidateResource
2018/09/05 23:06:31 [TRACE] [walkValidate] Exiting eval tree: anypoint_business_group.Org1
2018/09/05 23:06:31 [TRACE] dag/walk: walking "meta.count-boundary (count boundary fixup)"
2018/09/05 23:06:31 [TRACE] vertex 'root.meta.count-boundary (count boundary fixup)': walking
2018/09/05 23:06:31 [TRACE] dag/walk: walking "provider.anypoint (close)"
2018/09/05 23:06:31 [TRACE] vertex 'root.provider.anypoint (close)': walking
2018/09/05 23:06:31 [TRACE] vertex 'root.meta.count-boundary (count boundary fixup)': evaluating
2018/09/05 23:06:31 [TRACE] [walkValidate] Entering eval tree: meta.count-boundary (count boundary fixup)
2018/09/05 23:06:31 [TRACE] root: eval: *terraform.EvalCountFixZeroOneBoundaryGlobal
2018/09/05 23:06:31 [TRACE] EvalCountFixZeroOneBoundaryGlobal: count 1, search "anypoint_business_group.Org1.0", replace "anypoint_business_group.Org1"
2018/09/05 23:06:31 [TRACE] vertex 'root.provider.anypoint (close)': evaluating
2018/09/05 23:06:31 [TRACE] [walkValidate] Exiting eval tree: meta.count-boundary (count boundary fixup)
2018/09/05 23:06:31 [TRACE] [walkValidate] Entering eval tree: provider.anypoint (close)
2018/09/05 23:06:31 [TRACE] root: eval: *terraform.EvalCloseProvider
2018/09/05 23:06:31 [TRACE] [walkValidate] Exiting eval tree: provider.anypoint (close)
2018/09/05 23:06:31 [TRACE] dag/walk: walking "root"
2018/09/05 23:06:31 [TRACE] vertex 'root.root': walking
2018/09/05 23:06:31 [INFO] backend/local: apply calling Refresh
2018/09/05 23:06:31 [INFO] terraform: building graph: GraphTypeRefresh
2018/09/05 23:06:31 [TRACE] ConfigTransformer: Starting for path: []
2018/09/05 23:06:31 [TRACE] Graph after step *terraform.ConfigTransformer:

anypoint_business_group.Org1 - *terraform.NodeRefreshableManagedResource
2018/09/05 23:06:31 [TRACE] ConfigTransformer: Starting for path: []
2018/09/05 23:06:31 [TRACE] Graph after step *terraform.ConfigTransformer:

anypoint_business_group.Org1 - *terraform.NodeRefreshableManagedResource
2018/09/05 23:06:31 [TRACE] Graph after step *terraform.OrphanResourceTransformer:

anypoint_business_group.Org1 - *terraform.NodeRefreshableManagedResource
2018/09/05 23:06:31 [DEBUG] Attaching resource state to "anypoint_business_group.Org1": &terraform.ResourceState{Type:"anypoint_business_group", Dependencies:[]string{}, Primary:(*terraform.InstanceState)(0xc42035a730), Deposed:[]*terraform.InstanceState{}, Provider:"provider.anypoint", mu:sync.Mutex{state:0, sema:0x0}}
2018/09/05 23:06:31 [TRACE] Graph after step *terraform.AttachStateTransformer:

anypoint_business_group.Org1 - *terraform.NodeRefreshableManagedResource
2018/09/05 23:06:31 [TRACE] AttachResourceConfigTransformer: Beginning...
2018/09/05 23:06:31 [TRACE] AttachResourceConfigTransformer: Attach resource config request: anypoint_business_group.Org1
2018/09/05 23:06:31 [TRACE] Attaching resource config: &config.Resource{Mode:0, Name:"Org1", Type:"anypoint_business_group", RawCount:(*config.RawConfig)(0xc4204248c0), RawConfig:(*config.RawConfig)(0xc420424850), Provisioners:[]*config.Provisioner(nil), Provider:"", DependsOn:[]string(nil), Lifecycle:config.ResourceLifecycle{CreateBeforeDestroy:false, PreventDestroy:false, IgnoreChanges:[]string(nil)}}
2018/09/05 23:06:31 [TRACE] Graph after step *terraform.AttachResourceConfigTransformer:

anypoint_business_group.Org1 - *terraform.NodeRefreshableManagedResource
2018/09/05 23:06:31 [TRACE] Graph after step *terraform.RootVariableTransformer:

anypoint_business_group.Org1 - *terraform.NodeRefreshableManagedResource
2018/09/05 23:06:31 [TRACE] ProviderConfigTransformer: Starting for path: []
2018/09/05 23:06:31 [TRACE] Graph after step *terraform.ProviderConfigTransformer:

anypoint_business_group.Org1 - *terraform.NodeRefreshableManagedResource
2018/09/05 23:06:31 [DEBUG] adding missing provider: anypoint
2018/09/05 23:06:31 [TRACE] Graph after step *terraform.MissingProviderTransformer:

anypoint_business_group.Org1 - *terraform.NodeRefreshableManagedResource
provider.anypoint - *terraform.NodeApplyableProvider
2018/09/05 23:06:31 [DEBUG] resource anypoint_business_group.Org1 using provider provider.anypoint
2018/09/05 23:06:31 [TRACE] Graph after step *terraform.ProviderTransformer:

anypoint_business_group.Org1 - *terraform.NodeRefreshableManagedResource
  provider.anypoint - *terraform.NodeApplyableProvider
provider.anypoint - *terraform.NodeApplyableProvider
2018/09/05 23:06:31 [TRACE] Graph after step *terraform.PruneProviderTransformer:

anypoint_business_group.Org1 - *terraform.NodeRefreshableManagedResource
  provider.anypoint - *terraform.NodeApplyableProvider
provider.anypoint - *terraform.NodeApplyableProvider
2018/09/05 23:06:31 [TRACE] Graph after step *terraform.ParentProviderTransformer:

anypoint_business_group.Org1 - *terraform.NodeRefreshableManagedResource
  provider.anypoint - *terraform.NodeApplyableProvider
provider.anypoint - *terraform.NodeApplyableProvider
2018/09/05 23:06:31 [TRACE] Graph after step *terraform.graphTransformerMulti:

anypoint_business_group.Org1 - *terraform.NodeRefreshableManagedResource
  provider.anypoint - *terraform.NodeApplyableProvider
provider.anypoint - *terraform.NodeApplyableProvider
2018/09/05 23:06:31 [TRACE] Graph after step *terraform.LocalTransformer:

anypoint_business_group.Org1 - *terraform.NodeRefreshableManagedResource
  provider.anypoint - *terraform.NodeApplyableProvider
provider.anypoint - *terraform.NodeApplyableProvider
2018/09/05 23:06:31 [TRACE] Graph after step *terraform.OutputTransformer:

anypoint_business_group.Org1 - *terraform.NodeRefreshableManagedResource
  provider.anypoint - *terraform.NodeApplyableProvider
provider.anypoint - *terraform.NodeApplyableProvider
2018/09/05 23:06:31 [TRACE] Graph after step *terraform.ModuleVariableTransformer:

anypoint_business_group.Org1 - *terraform.NodeRefreshableManagedResource
  provider.anypoint - *terraform.NodeApplyableProvider
provider.anypoint - *terraform.NodeApplyableProvider
2018/09/05 23:06:31 [DEBUG] ReferenceTransformer: "provider.anypoint" references: []
2018/09/05 23:06:31 [DEBUG] ReferenceTransformer: "anypoint_business_group.Org1" references: []
2018/09/05 23:06:31 [TRACE] Graph after step *terraform.ReferenceTransformer:

anypoint_business_group.Org1 - *terraform.NodeRefreshableManagedResource
  provider.anypoint - *terraform.NodeApplyableProvider
provider.anypoint - *terraform.NodeApplyableProvider
2018/09/05 23:06:31 [TRACE] Graph after step *terraform.TargetsTransformer:

anypoint_business_group.Org1 - *terraform.NodeRefreshableManagedResource
  provider.anypoint - *terraform.NodeApplyableProvider
provider.anypoint - *terraform.NodeApplyableProvider
2018/09/05 23:06:31 [TRACE] Graph after step *terraform.CloseProviderTransformer:

anypoint_business_group.Org1 - *terraform.NodeRefreshableManagedResource
  provider.anypoint - *terraform.NodeApplyableProvider
provider.anypoint - *terraform.NodeApplyableProvider
provider.anypoint (close) - *terraform.graphNodeCloseProvider
  anypoint_business_group.Org1 - *terraform.NodeRefreshableManagedResource
  provider.anypoint - *terraform.NodeApplyableProvider
2018/09/05 23:06:31 [TRACE] Graph after step *terraform.RootTransformer:

anypoint_business_group.Org1 - *terraform.NodeRefreshableManagedResource
  provider.anypoint - *terraform.NodeApplyableProvider
provider.anypoint - *terraform.NodeApplyableProvider
provider.anypoint (close) - *terraform.graphNodeCloseProvider
  anypoint_business_group.Org1 - *terraform.NodeRefreshableManagedResource
  provider.anypoint - *terraform.NodeApplyableProvider
2018/09/05 23:06:31 [TRACE] Graph after step *terraform.TransitiveReductionTransformer:

anypoint_business_group.Org1 - *terraform.NodeRefreshableManagedResource
  provider.anypoint - *terraform.NodeApplyableProvider
provider.anypoint - *terraform.NodeApplyableProvider
provider.anypoint (close) - *terraform.graphNodeCloseProvider
  anypoint_business_group.Org1 - *terraform.NodeRefreshableManagedResource
2018/09/05 23:06:31 [DEBUG] Starting graph walk: walkRefresh
2018/09/05 23:06:31 [TRACE] dag/walk: added new vertex: "anypoint_business_group.Org1"
2018/09/05 23:06:31 [TRACE] dag/walk: added new vertex: "provider.anypoint"
2018/09/05 23:06:31 [TRACE] dag/walk: added new vertex: "provider.anypoint (close)"
2018/09/05 23:06:31 [TRACE] dag/walk: added edge: "anypoint_business_group.Org1" waiting on "provider.anypoint"
2018/09/05 23:06:31 [TRACE] dag/walk: added edge: "provider.anypoint (close)" waiting on "anypoint_business_group.Org1"
2018/09/05 23:06:31 [TRACE] dag/walk: dependencies changed for "anypoint_business_group.Org1", sending new deps
2018/09/05 23:06:31 [TRACE] dag/walk: dependencies changed for "provider.anypoint (close)", sending new deps
2018/09/05 23:06:31 [TRACE] dag/walk: walking "provider.anypoint"
2018/09/05 23:06:31 [TRACE] vertex 'root.provider.anypoint': walking
2018/09/05 23:06:31 [TRACE] vertex 'root.provider.anypoint': evaluating
2018/09/05 23:06:31 [TRACE] [walkRefresh] Entering eval tree: provider.anypoint
2018/09/05 23:06:31 [TRACE] root: eval: *terraform.EvalSequence
2018/09/05 23:06:31 [TRACE] root: eval: *terraform.EvalInitProvider
2018/09/05 23:06:31 [TRACE] root: eval: terraform.EvalNoop
2018/09/05 23:06:31 [TRACE] root: eval: terraform.EvalNoop
2018/09/05 23:06:31 [TRACE] root: eval: *terraform.EvalOpFilter
2018/09/05 23:06:31 [TRACE] root: eval: *terraform.EvalSequence
2018/09/05 23:06:31 [TRACE] root: eval: *terraform.EvalGetProvider
2018/09/05 23:06:31 [TRACE] root: eval: *terraform.EvalInterpolateProvider
2018/09/05 23:06:31 [TRACE] root: eval: *terraform.EvalBuildProviderConfig
2018/09/05 23:06:31 [TRACE] root: eval: *terraform.EvalOpFilter
2018/09/05 23:06:31 [TRACE] root: eval: *terraform.EvalSequence
2018/09/05 23:06:31 [TRACE] root: eval: *terraform.EvalConfigProvider
2018-09-05T23:06:31.589+0100 [DEBUG] plugin.terraform-provider-anypoint: 2018/09/05 23:06:31 Logging in with {44012068 %N1c013tt0%}
2018-09-05T23:06:31.589+0100 [DEBUG] plugin.terraform-provider-anypoint: 2018/09/05 23:06:31 POST-ing to https://anypoint.mulesoft.com/accounts/login
2018-09-05T23:06:31.589+0100 [DEBUG] plugin.terraform-provider-anypoint: 2018/09/05 23:06:31 ContentType: %!s(sdk.ContentType=0)
2018-09-05T23:06:31.589+0100 [DEBUG] plugin.terraform-provider-anypoint: 2018/09/05 23:06:31 Set body to application/json
2018-09-05T23:06:31.589+0100 [DEBUG] plugin.terraform-provider-anypoint: 2018/09/05 23:06:31 REQUEST DUMP
2018-09-05T23:06:31.590+0100 [DEBUG] plugin.terraform-provider-anypoint: 2018/09/05 23:06:31 POST /accounts/login HTTP/1.1
2018-09-05T23:06:31.590+0100 [DEBUG] plugin.terraform-provider-anypoint: Host: anypoint.mulesoft.com
2018-09-05T23:06:31.590+0100 [DEBUG] plugin.terraform-provider-anypoint: Content-Type: application/json
2018-09-05T23:06:31.590+0100 [DEBUG] plugin.terraform-provider-anypoint: 
2018-09-05T23:06:31.590+0100 [DEBUG] plugin.terraform-provider-anypoint: 2018/09/05 23:06:31 http2: Transport failed to get client conn for anypoint.mulesoft.com:443: http2: no cached connection was available
2018-09-05T23:06:32.679+0100 [DEBUG] plugin.terraform-provider-anypoint: 2018/09/05 23:06:32 RESPONSE
2018-09-05T23:06:32.679+0100 [DEBUG] plugin.terraform-provider-anypoint: 2018/09/05 23:06:32
2018-09-05T23:06:32.679+0100 [DEBUG] plugin.terraform-provider-anypoint:  POST RESPONSE: %!(NOVERB)%!(EXTRA string=)
2018-09-05T23:06:32.679+0100 [DEBUG] plugin.terraform-provider-anypoint: 2018/09/05 23:06:32 Been able to login: {2d570145-c757-4b51-82f9-5280556d7417}
2018/09/05 23:06:32 [TRACE] [walkRefresh] Exiting eval tree: provider.anypoint
2018/09/05 23:06:32 [TRACE] dag/walk: walking "anypoint_business_group.Org1"
2018/09/05 23:06:32 [TRACE] vertex 'root.anypoint_business_group.Org1': walking
2018/09/05 23:06:32 [TRACE] vertex 'root.anypoint_business_group.Org1': evaluating
2018/09/05 23:06:32 [TRACE] [walkRefresh] Entering eval tree: anypoint_business_group.Org1
2018/09/05 23:06:32 [TRACE] root: eval: *terraform.EvalSequence
2018/09/05 23:06:32 [TRACE] root: eval: *terraform.EvalInterpolate
2018/09/05 23:06:32 [TRACE] root: eval: *terraform.EvalCountCheckComputed
2018/09/05 23:06:32 [TRACE] root: eval: *terraform.EvalIf
2018/09/05 23:06:32 [TRACE] root: eval: *terraform.EvalCountFixZeroOneBoundary
2018/09/05 23:06:32 [TRACE] [walkRefresh] Exiting eval tree: anypoint_business_group.Org1
2018/09/05 23:06:32 [TRACE] vertex 'root.anypoint_business_group.Org1': expanding/walking dynamic subgraph
2018/09/05 23:06:32 [TRACE] Graph after step *terraform.ResourceCountTransformer:

anypoint_business_group.Org1 - *terraform.NodeRefreshableManagedResourceInstance
2018/09/05 23:06:32 [TRACE] OrphanResourceCount: Starting...
2018/09/05 23:06:32 [TRACE] OrphanResourceCount: Checking: anypoint_business_group.Org1
2018/09/05 23:06:32 [TRACE] Graph after step *terraform.OrphanResourceCountTransformer:

anypoint_business_group.Org1 - *terraform.NodeRefreshableManagedResourceInstance
2018/09/05 23:06:32 [DEBUG] Attaching resource state to "anypoint_business_group.Org1": &terraform.ResourceState{Type:"anypoint_business_group", Dependencies:[]string{}, Primary:(*terraform.InstanceState)(0xc42035a730), Deposed:[]*terraform.InstanceState{}, Provider:"provider.anypoint", mu:sync.Mutex{state:0, sema:0x0}}
2018/09/05 23:06:32 [TRACE] Graph after step *terraform.AttachStateTransformer:

anypoint_business_group.Org1 - *terraform.NodeRefreshableManagedResourceInstance
2018/09/05 23:06:32 [TRACE] Graph after step *terraform.TargetsTransformer:

anypoint_business_group.Org1 - *terraform.NodeRefreshableManagedResourceInstance
2018/09/05 23:06:32 [DEBUG] ReferenceTransformer: "anypoint_business_group.Org1" references: []
2018/09/05 23:06:32 [TRACE] Graph after step *terraform.ReferenceTransformer:

anypoint_business_group.Org1 - *terraform.NodeRefreshableManagedResourceInstance
2018/09/05 23:06:32 [TRACE] Graph after step *terraform.RootTransformer:

anypoint_business_group.Org1 - *terraform.NodeRefreshableManagedResourceInstance
2018/09/05 23:06:32 [TRACE] dag/walk: added new vertex: "anypoint_business_group.Org1"
2018/09/05 23:06:32 [TRACE] dag/walk: walking "anypoint_business_group.Org1"
2018/09/05 23:06:32 [TRACE] vertex 'root.anypoint_business_group.Org1': walking
2018/09/05 23:06:32 [TRACE] vertex 'root.anypoint_business_group.Org1': evaluating
2018/09/05 23:06:32 [TRACE] [walkRefresh] Entering eval tree: anypoint_business_group.Org1
2018/09/05 23:06:32 [TRACE] root: eval: *terraform.EvalSequence
2018/09/05 23:06:32 [TRACE] root: eval: *terraform.EvalGetProvider
2018/09/05 23:06:32 [TRACE] root: eval: *terraform.EvalReadState
2018/09/05 23:06:32 [TRACE] root: eval: *terraform.EvalRefresh
2018/09/05 23:06:32 [TRACE] root: eval: *terraform.EvalWriteState
2018/09/05 23:06:32 [TRACE] [walkRefresh] Exiting eval tree: anypoint_business_group.Org1
2018/09/05 23:06:32 [TRACE] dag/walk: walking "provider.anypoint (close)"
2018/09/05 23:06:32 [TRACE] vertex 'root.provider.anypoint (close)': walking
2018/09/05 23:06:32 [TRACE] vertex 'root.provider.anypoint (close)': evaluating
2018/09/05 23:06:32 [TRACE] [walkRefresh] Entering eval tree: provider.anypoint (close)
2018/09/05 23:06:32 [TRACE] root: eval: *terraform.EvalCloseProvider
2018/09/05 23:06:32 [TRACE] [walkRefresh] Exiting eval tree: provider.anypoint (close)
2018/09/05 23:06:32 [INFO] backend/local: apply calling Plan
2018/09/05 23:06:32 [INFO] terraform: building graph: GraphTypePlan
2018/09/05 23:06:32 [TRACE] ConfigTransformer: Starting for path: []
2018/09/05 23:06:32 [TRACE] Graph after step *terraform.ConfigTransformer:

anypoint_business_group.Org1 - *terraform.NodePlannableResource
2018/09/05 23:06:32 [TRACE] Graph after step *terraform.LocalTransformer:

anypoint_business_group.Org1 - *terraform.NodePlannableResource
2018/09/05 23:06:32 [TRACE] Graph after step *terraform.OutputTransformer:

anypoint_business_group.Org1 - *terraform.NodePlannableResource
2018/09/05 23:06:32 [TRACE] Graph after step *terraform.OrphanResourceTransformer:

anypoint_business_group.Org1 - *terraform.NodePlannableResource
2018/09/05 23:06:32 [TRACE] Graph after step *terraform.OrphanOutputTransformer:

anypoint_business_group.Org1 - *terraform.NodePlannableResource
2018/09/05 23:06:32 [TRACE] AttachResourceConfigTransformer: Beginning...
2018/09/05 23:06:32 [TRACE] AttachResourceConfigTransformer: Attach resource config request: anypoint_business_group.Org1
2018/09/05 23:06:32 [TRACE] Attaching resource config: &config.Resource{Mode:0, Name:"Org1", Type:"anypoint_business_group", RawCount:(*config.RawConfig)(0xc4204248c0), RawConfig:(*config.RawConfig)(0xc420424850), Provisioners:[]*config.Provisioner(nil), Provider:"", DependsOn:[]string(nil), Lifecycle:config.ResourceLifecycle{CreateBeforeDestroy:false, PreventDestroy:false, IgnoreChanges:[]string(nil)}}
2018/09/05 23:06:32 [TRACE] Graph after step *terraform.AttachResourceConfigTransformer:

anypoint_business_group.Org1 - *terraform.NodePlannableResource
2018/09/05 23:06:32 [DEBUG] Resource state not found for "anypoint_business_group.Org1": anypoint_business_group.Org1
2018/09/05 23:06:32 [TRACE] Graph after step *terraform.AttachStateTransformer:

anypoint_business_group.Org1 - *terraform.NodePlannableResource
2018/09/05 23:06:32 [TRACE] Graph after step *terraform.RootVariableTransformer:

anypoint_business_group.Org1 - *terraform.NodePlannableResource
2018/09/05 23:06:32 [TRACE] ProviderConfigTransformer: Starting for path: []
2018/09/05 23:06:32 [TRACE] Graph after step *terraform.ProviderConfigTransformer:

anypoint_business_group.Org1 - *terraform.NodePlannableResource
2018/09/05 23:06:32 [DEBUG] adding missing provider: anypoint
2018/09/05 23:06:32 [TRACE] Graph after step *terraform.MissingProviderTransformer:

anypoint_business_group.Org1 - *terraform.NodePlannableResource
provider.anypoint - *terraform.NodeApplyableProvider
2018/09/05 23:06:32 [DEBUG] resource anypoint_business_group.Org1 using provider provider.anypoint
2018/09/05 23:06:32 [TRACE] Graph after step *terraform.ProviderTransformer:

anypoint_business_group.Org1 - *terraform.NodePlannableResource
  provider.anypoint - *terraform.NodeApplyableProvider
provider.anypoint - *terraform.NodeApplyableProvider
2018/09/05 23:06:32 [TRACE] Graph after step *terraform.PruneProviderTransformer:

anypoint_business_group.Org1 - *terraform.NodePlannableResource
  provider.anypoint - *terraform.NodeApplyableProvider
provider.anypoint - *terraform.NodeApplyableProvider
2018/09/05 23:06:32 [TRACE] Graph after step *terraform.ParentProviderTransformer:

anypoint_business_group.Org1 - *terraform.NodePlannableResource
  provider.anypoint - *terraform.NodeApplyableProvider
provider.anypoint - *terraform.NodeApplyableProvider
2018/09/05 23:06:32 [TRACE] Graph after step *terraform.graphTransformerMulti:

anypoint_business_group.Org1 - *terraform.NodePlannableResource
  provider.anypoint - *terraform.NodeApplyableProvider
provider.anypoint - *terraform.NodeApplyableProvider
2018/09/05 23:06:32 [TRACE] Graph after step *terraform.ModuleVariableTransformer:

anypoint_business_group.Org1 - *terraform.NodePlannableResource
  provider.anypoint - *terraform.NodeApplyableProvider
provider.anypoint - *terraform.NodeApplyableProvider
2018/09/05 23:06:32 [TRACE] Graph after step *terraform.RemovedModuleTransformer:

anypoint_business_group.Org1 - *terraform.NodePlannableResource
  provider.anypoint - *terraform.NodeApplyableProvider
provider.anypoint - *terraform.NodeApplyableProvider
2018/09/05 23:06:32 [DEBUG] ReferenceTransformer: "anypoint_business_group.Org1" references: []
2018/09/05 23:06:32 [DEBUG] ReferenceTransformer: "provider.anypoint" references: []
2018/09/05 23:06:32 [TRACE] Graph after step *terraform.ReferenceTransformer:

anypoint_business_group.Org1 - *terraform.NodePlannableResource
  provider.anypoint - *terraform.NodeApplyableProvider
provider.anypoint - *terraform.NodeApplyableProvider
2018/09/05 23:06:32 [TRACE] Graph after step *terraform.CountBoundaryTransformer:

anypoint_business_group.Org1 - *terraform.NodePlannableResource
  provider.anypoint - *terraform.NodeApplyableProvider
meta.count-boundary (count boundary fixup) - *terraform.NodeCountBoundary
  anypoint_business_group.Org1 - *terraform.NodePlannableResource
  provider.anypoint - *terraform.NodeApplyableProvider
provider.anypoint - *terraform.NodeApplyableProvider
2018/09/05 23:06:32 [TRACE] Graph after step *terraform.TargetsTransformer:

anypoint_business_group.Org1 - *terraform.NodePlannableResource
  provider.anypoint - *terraform.NodeApplyableProvider
meta.count-boundary (count boundary fixup) - *terraform.NodeCountBoundary
  anypoint_business_group.Org1 - *terraform.NodePlannableResource
  provider.anypoint - *terraform.NodeApplyableProvider
provider.anypoint - *terraform.NodeApplyableProvider
2018/09/05 23:06:32 [TRACE] Graph after step *terraform.CloseProviderTransformer:

anypoint_business_group.Org1 - *terraform.NodePlannableResource
  provider.anypoint - *terraform.NodeApplyableProvider
meta.count-boundary (count boundary fixup) - *terraform.NodeCountBoundary
  anypoint_business_group.Org1 - *terraform.NodePlannableResource
  provider.anypoint - *terraform.NodeApplyableProvider
provider.anypoint - *terraform.NodeApplyableProvider
provider.anypoint (close) - *terraform.graphNodeCloseProvider
  anypoint_business_group.Org1 - *terraform.NodePlannableResource
  provider.anypoint - *terraform.NodeApplyableProvider
2018/09/05 23:06:32 [TRACE] Graph after step *terraform.CloseProvisionerTransformer:

anypoint_business_group.Org1 - *terraform.NodePlannableResource
  provider.anypoint - *terraform.NodeApplyableProvider
meta.count-boundary (count boundary fixup) - *terraform.NodeCountBoundary
  anypoint_business_group.Org1 - *terraform.NodePlannableResource
  provider.anypoint - *terraform.NodeApplyableProvider
provider.anypoint - *terraform.NodeApplyableProvider
provider.anypoint (close) - *terraform.graphNodeCloseProvider
  anypoint_business_group.Org1 - *terraform.NodePlannableResource
  provider.anypoint - *terraform.NodeApplyableProvider
2018/09/05 23:06:32 [TRACE] Graph after step *terraform.RootTransformer:

anypoint_business_group.Org1 - *terraform.NodePlannableResource
  provider.anypoint - *terraform.NodeApplyableProvider
meta.count-boundary (count boundary fixup) - *terraform.NodeCountBoundary
  anypoint_business_group.Org1 - *terraform.NodePlannableResource
  provider.anypoint - *terraform.NodeApplyableProvider
provider.anypoint - *terraform.NodeApplyableProvider
provider.anypoint (close) - *terraform.graphNodeCloseProvider
  anypoint_business_group.Org1 - *terraform.NodePlannableResource
  provider.anypoint - *terraform.NodeApplyableProvider
root - terraform.graphNodeRoot
  meta.count-boundary (count boundary fixup) - *terraform.NodeCountBoundary
  provider.anypoint (close) - *terraform.graphNodeCloseProvider
2018/09/05 23:06:32 [TRACE] Graph after step *terraform.TransitiveReductionTransformer:

anypoint_business_group.Org1 - *terraform.NodePlannableResource
  provider.anypoint - *terraform.NodeApplyableProvider
meta.count-boundary (count boundary fixup) - *terraform.NodeCountBoundary
  anypoint_business_group.Org1 - *terraform.NodePlannableResource
provider.anypoint - *terraform.NodeApplyableProvider
provider.anypoint (close) - *terraform.graphNodeCloseProvider
  anypoint_business_group.Org1 - *terraform.NodePlannableResource
root - terraform.graphNodeRoot
  meta.count-boundary (count boundary fixup) - *terraform.NodeCountBoundary
  provider.anypoint (close) - *terraform.graphNodeCloseProvider
2018/09/05 23:06:32 [DEBUG] Starting graph walk: walkPlan
2018/09/05 23:06:32 [TRACE] dag/walk: added new vertex: "root"
2018/09/05 23:06:32 [TRACE] dag/walk: added new vertex: "anypoint_business_group.Org1"
2018/09/05 23:06:32 [TRACE] dag/walk: added new vertex: "provider.anypoint"
2018/09/05 23:06:32 [TRACE] dag/walk: added new vertex: "meta.count-boundary (count boundary fixup)"
2018/09/05 23:06:32 [TRACE] dag/walk: added new vertex: "provider.anypoint (close)"
2018/09/05 23:06:32 [TRACE] dag/walk: added edge: "root" waiting on "provider.anypoint (close)"
2018/09/05 23:06:32 [TRACE] dag/walk: added edge: "anypoint_business_group.Org1" waiting on "provider.anypoint"
2018/09/05 23:06:32 [TRACE] dag/walk: added edge: "meta.count-boundary (count boundary fixup)" waiting on "anypoint_business_group.Org1"
2018/09/05 23:06:32 [TRACE] dag/walk: added edge: "provider.anypoint (close)" waiting on "anypoint_business_group.Org1"
2018/09/05 23:06:32 [TRACE] dag/walk: added edge: "root" waiting on "meta.count-boundary (count boundary fixup)"
2018/09/05 23:06:32 [TRACE] dag/walk: dependencies changed for "root", sending new deps
2018/09/05 23:06:32 [TRACE] dag/walk: dependencies changed for "anypoint_business_group.Org1", sending new deps
2018/09/05 23:06:32 [TRACE] dag/walk: dependencies changed for "meta.count-boundary (count boundary fixup)", sending new deps
2018/09/05 23:06:32 [TRACE] dag/walk: dependencies changed for "provider.anypoint (close)", sending new deps
2018/09/05 23:06:32 [TRACE] dag/walk: walking "provider.anypoint"
2018/09/05 23:06:32 [TRACE] vertex 'root.provider.anypoint': walking
2018/09/05 23:06:32 [TRACE] vertex 'root.provider.anypoint': evaluating
2018/09/05 23:06:32 [TRACE] [walkPlan] Entering eval tree: provider.anypoint
2018/09/05 23:06:32 [TRACE] root: eval: *terraform.EvalSequence
2018/09/05 23:06:32 [TRACE] root: eval: *terraform.EvalInitProvider
2018/09/05 23:06:32 [TRACE] root: eval: terraform.EvalNoop
2018/09/05 23:06:32 [TRACE] root: eval: terraform.EvalNoop
2018/09/05 23:06:32 [TRACE] root: eval: *terraform.EvalOpFilter
2018/09/05 23:06:32 [TRACE] root: eval: *terraform.EvalSequence
2018/09/05 23:06:32 [TRACE] root: eval: *terraform.EvalGetProvider
2018/09/05 23:06:32 [TRACE] root: eval: *terraform.EvalInterpolateProvider
2018/09/05 23:06:32 [TRACE] root: eval: *terraform.EvalBuildProviderConfig
2018/09/05 23:06:32 [TRACE] root: eval: *terraform.EvalOpFilter
2018/09/05 23:06:32 [TRACE] root: eval: *terraform.EvalSequence
2018/09/05 23:06:32 [TRACE] root: eval: *terraform.EvalConfigProvider
2018-09-05T23:06:32.683+0100 [DEBUG] plugin.terraform-provider-anypoint: 2018/09/05 23:06:32 Logging in with {44012068 %N1c013tt0%}
2018-09-05T23:06:32.683+0100 [DEBUG] plugin.terraform-provider-anypoint: 2018/09/05 23:06:32 POST-ing to https://anypoint.mulesoft.com/accounts/login
2018-09-05T23:06:32.683+0100 [DEBUG] plugin.terraform-provider-anypoint: 2018/09/05 23:06:32 ContentType: %!s(sdk.ContentType=0)
2018-09-05T23:06:32.683+0100 [DEBUG] plugin.terraform-provider-anypoint: 2018/09/05 23:06:32 Set body to application/json
2018-09-05T23:06:32.683+0100 [DEBUG] plugin.terraform-provider-anypoint: 2018/09/05 23:06:32 REQUEST DUMP
2018-09-05T23:06:32.683+0100 [DEBUG] plugin.terraform-provider-anypoint: 2018/09/05 23:06:32 POST /accounts/login HTTP/1.1
2018-09-05T23:06:32.683+0100 [DEBUG] plugin.terraform-provider-anypoint: Host: anypoint.mulesoft.com
2018-09-05T23:06:32.683+0100 [DEBUG] plugin.terraform-provider-anypoint: Content-Type: application/json
2018-09-05T23:06:32.683+0100 [DEBUG] plugin.terraform-provider-anypoint: 
2018-09-05T23:06:32.683+0100 [DEBUG] plugin.terraform-provider-anypoint: 2018/09/05 23:06:32 http2: Transport failed to get client conn for anypoint.mulesoft.com:443: http2: no cached connection was available
2018-09-05T23:06:32.958+0100 [DEBUG] plugin.terraform-provider-anypoint: 2018/09/05 23:06:32 RESPONSE
2018-09-05T23:06:32.958+0100 [DEBUG] plugin.terraform-provider-anypoint: 2018/09/05 23:06:32
2018-09-05T23:06:32.958+0100 [DEBUG] plugin.terraform-provider-anypoint:  POST RESPONSE: %!(NOVERB)%!(EXTRA string=)
2018-09-05T23:06:32.958+0100 [DEBUG] plugin.terraform-provider-anypoint: 2018/09/05 23:06:32 Been able to login: {240808f4-0679-4ea3-8324-71203a2e056f}
2018/09/05 23:06:32 [TRACE] [walkPlan] Exiting eval tree: provider.anypoint
2018/09/05 23:06:32 [TRACE] dag/walk: walking "anypoint_business_group.Org1"
2018/09/05 23:06:32 [TRACE] vertex 'root.anypoint_business_group.Org1': walking
2018/09/05 23:06:32 [TRACE] vertex 'root.anypoint_business_group.Org1': evaluating
2018/09/05 23:06:32 [TRACE] [walkPlan] Entering eval tree: anypoint_business_group.Org1
2018/09/05 23:06:32 [TRACE] root: eval: *terraform.EvalSequence
2018/09/05 23:06:32 [TRACE] root: eval: *terraform.EvalInterpolate
2018/09/05 23:06:32 [TRACE] root: eval: *terraform.EvalCountCheckComputed
2018/09/05 23:06:32 [TRACE] root: eval: *terraform.EvalIf
2018/09/05 23:06:32 [TRACE] root: eval: *terraform.EvalCountFixZeroOneBoundary
2018/09/05 23:06:32 [TRACE] [walkPlan] Exiting eval tree: anypoint_business_group.Org1
2018/09/05 23:06:32 [TRACE] vertex 'root.anypoint_business_group.Org1': expanding/walking dynamic subgraph
2018/09/05 23:06:32 [TRACE] Graph after step *terraform.ResourceCountTransformer:

anypoint_business_group.Org1 - *terraform.NodePlannableResourceInstance
2018/09/05 23:06:32 [TRACE] OrphanResourceCount: Starting...
2018/09/05 23:06:32 [TRACE] Graph after step *terraform.OrphanResourceCountTransformer:

anypoint_business_group.Org1 - *terraform.NodePlannableResourceInstance
2018/09/05 23:06:32 [DEBUG] Resource state not found for "anypoint_business_group.Org1": anypoint_business_group.Org1
2018/09/05 23:06:32 [TRACE] Graph after step *terraform.AttachStateTransformer:

anypoint_business_group.Org1 - *terraform.NodePlannableResourceInstance
2018/09/05 23:06:32 [TRACE] Graph after step *terraform.TargetsTransformer:

anypoint_business_group.Org1 - *terraform.NodePlannableResourceInstance
2018/09/05 23:06:32 [DEBUG] ReferenceTransformer: "anypoint_business_group.Org1" references: []
2018/09/05 23:06:32 [TRACE] Graph after step *terraform.ReferenceTransformer:

anypoint_business_group.Org1 - *terraform.NodePlannableResourceInstance
2018/09/05 23:06:32 [TRACE] Graph after step *terraform.RootTransformer:

anypoint_business_group.Org1 - *terraform.NodePlannableResourceInstance
2018/09/05 23:06:32 [TRACE] dag/walk: added new vertex: "anypoint_business_group.Org1"
2018/09/05 23:06:32 [TRACE] dag/walk: walking "anypoint_business_group.Org1"
2018/09/05 23:06:32 [TRACE] vertex 'root.anypoint_business_group.Org1': walking
2018/09/05 23:06:32 [TRACE] vertex 'root.anypoint_business_group.Org1': evaluating
2018/09/05 23:06:32 [TRACE] [walkPlan] Entering eval tree: anypoint_business_group.Org1
2018/09/05 23:06:32 [TRACE] root: eval: *terraform.EvalSequence
2018/09/05 23:06:32 [TRACE] root: eval: *terraform.EvalInterpolate
2018/09/05 23:06:32 [TRACE] root: eval: *terraform.EvalGetProvider
2018/09/05 23:06:32 [TRACE] root: eval: *terraform.EvalValidateResource
2018/09/05 23:06:32 [TRACE] root: eval: *terraform.EvalReadState
2018/09/05 23:06:32 [TRACE] root: eval: *terraform.EvalDiff
2018/09/05 23:06:32 [TRACE] root: eval: *terraform.EvalCheckPreventDestroy
2018/09/05 23:06:32 [TRACE] root: eval: *terraform.EvalWriteState
2018/09/05 23:06:32 [TRACE] root: eval: *terraform.EvalWriteDiff
2018/09/05 23:06:32 [TRACE] [walkPlan] Exiting eval tree: anypoint_business_group.Org1
2018/09/05 23:06:32 [TRACE] dag/walk: walking "meta.count-boundary (count boundary fixup)"
2018/09/05 23:06:32 [TRACE] vertex 'root.meta.count-boundary (count boundary fixup)': walking
2018/09/05 23:06:32 [TRACE] dag/walk: walking "provider.anypoint (close)"
2018/09/05 23:06:32 [TRACE] vertex 'root.meta.count-boundary (count boundary fixup)': evaluating
2018/09/05 23:06:32 [TRACE] vertex 'root.provider.anypoint (close)': walking
2018/09/05 23:06:32 [TRACE] [walkPlan] Entering eval tree: meta.count-boundary (count boundary fixup)
2018/09/05 23:06:32 [TRACE] root: eval: *terraform.EvalCountFixZeroOneBoundaryGlobal
2018/09/05 23:06:32 [TRACE] [walkPlan] Exiting eval tree: meta.count-boundary (count boundary fixup)
2018/09/05 23:06:32 [TRACE] vertex 'root.provider.anypoint (close)': evaluating
2018/09/05 23:06:32 [TRACE] [walkPlan] Entering eval tree: provider.anypoint (close)
2018/09/05 23:06:32 [TRACE] root: eval: *terraform.EvalCloseProvider
2018/09/05 23:06:32 [TRACE] [walkPlan] Exiting eval tree: provider.anypoint (close)
2018/09/05 23:06:32 [TRACE] dag/walk: walking "root"
2018/09/05 23:06:32 [TRACE] vertex 'root.root': walking
2018/09/05 23:06:32 [DEBUG] command: asking for input: "Do you want to perform these actions?"
2018/09/05 23:06:34 [INFO] terraform: building graph: GraphTypeApply
2018/09/05 23:06:34 [TRACE] DiffTransformer: starting
2018/09/05 23:06:34 [TRACE] DiffTransformer: Module: CREATE: anypoint_business_group.Org1
  path_to_bg: "" => "org2"
2018/09/05 23:06:34 [TRACE] DiffTransformer: Resource "anypoint_business_group.Org1": *terraform.InstanceDiff{mu:sync.Mutex{state:0, sema:0x0}, Attributes:map[string]*terraform.ResourceAttrDiff{"path_to_bg":*terraform.ResourceAttrDiff{Old:"", New:"org2", NewComputed:false, NewRemoved:false, NewExtra:interface {}(nil), RequiresNew:false, Sensitive:false, Type:0x0}, "id":*terraform.ResourceAttrDiff{Old:"", New:"", NewComputed:true, NewRemoved:false, NewExtra:interface {}(nil), RequiresNew:true, Sensitive:false, Type:0x2}}, Destroy:false, DestroyDeposed:false, DestroyTainted:false, Meta:map[string]interface {}(nil)}
2018/09/05 23:06:34 [TRACE] Graph after step *terraform.DiffTransformer:

anypoint_business_group.Org1 - *terraform.NodeApplyableResource
2018/09/05 23:06:34 [TRACE] Graph after step *terraform.OrphanOutputTransformer:

anypoint_business_group.Org1 - *terraform.NodeApplyableResource
2018/09/05 23:06:34 [TRACE] AttachResourceConfigTransformer: Beginning...
2018/09/05 23:06:34 [TRACE] AttachResourceConfigTransformer: Attach resource config request: anypoint_business_group.Org1
2018/09/05 23:06:34 [TRACE] Attaching resource config: &config.Resource{Mode:0, Name:"Org1", Type:"anypoint_business_group", RawCount:(*config.RawConfig)(0xc4204248c0), RawConfig:(*config.RawConfig)(0xc420424850), Provisioners:[]*config.Provisioner(nil), Provider:"", DependsOn:[]string(nil), Lifecycle:config.ResourceLifecycle{CreateBeforeDestroy:false, PreventDestroy:false, IgnoreChanges:[]string(nil)}}
2018/09/05 23:06:34 [TRACE] Graph after step *terraform.AttachResourceConfigTransformer:

anypoint_business_group.Org1 - *terraform.NodeApplyableResource
2018/09/05 23:06:34 [DEBUG] Resource state not found for "anypoint_business_group.Org1": anypoint_business_group.Org1
2018/09/05 23:06:34 [TRACE] Graph after step *terraform.AttachStateTransformer:

anypoint_business_group.Org1 - *terraform.NodeApplyableResource
2018/09/05 23:06:34 [TRACE] ProviderConfigTransformer: Starting for path: []
2018/09/05 23:06:34 [TRACE] Graph after step *terraform.ProviderConfigTransformer:

anypoint_business_group.Org1 - *terraform.NodeApplyableResource
2018/09/05 23:06:34 [DEBUG] adding missing provider: anypoint
2018/09/05 23:06:34 [TRACE] Graph after step *terraform.MissingProviderTransformer:

anypoint_business_group.Org1 - *terraform.NodeApplyableResource
provider.anypoint - *terraform.NodeApplyableProvider
2018/09/05 23:06:34 [DEBUG] resource anypoint_business_group.Org1 using provider provider.anypoint
2018/09/05 23:06:34 [TRACE] Graph after step *terraform.ProviderTransformer:

anypoint_business_group.Org1 - *terraform.NodeApplyableResource
  provider.anypoint - *terraform.NodeApplyableProvider
provider.anypoint - *terraform.NodeApplyableProvider
2018/09/05 23:06:34 [TRACE] Graph after step *terraform.PruneProviderTransformer:

anypoint_business_group.Org1 - *terraform.NodeApplyableResource
  provider.anypoint - *terraform.NodeApplyableProvider
provider.anypoint - *terraform.NodeApplyableProvider
2018/09/05 23:06:34 [TRACE] Graph after step *terraform.ParentProviderTransformer:

anypoint_business_group.Org1 - *terraform.NodeApplyableResource
  provider.anypoint - *terraform.NodeApplyableProvider
provider.anypoint - *terraform.NodeApplyableProvider
2018/09/05 23:06:34 [TRACE] Graph after step *terraform.graphTransformerMulti:

anypoint_business_group.Org1 - *terraform.NodeApplyableResource
  provider.anypoint - *terraform.NodeApplyableProvider
provider.anypoint - *terraform.NodeApplyableProvider
2018/09/05 23:06:34 [TRACE] DestroyEdgeTransformer: Beginning destroy edge transformation...
2018/09/05 23:06:34 [TRACE] Graph after step *terraform.DestroyEdgeTransformer:

anypoint_business_group.Org1 - *terraform.NodeApplyableResource
  provider.anypoint - *terraform.NodeApplyableProvider
provider.anypoint - *terraform.NodeApplyableProvider
2018/09/05 23:06:34 [TRACE] CBDEdgeTransformer: Beginning CBD transformation...
2018/09/05 23:06:34 [TRACE] Graph after step *terraform.CBDEdgeTransformer:

anypoint_business_group.Org1 - *terraform.NodeApplyableResource
  provider.anypoint - *terraform.NodeApplyableProvider
provider.anypoint - *terraform.NodeApplyableProvider
2018/09/05 23:06:34 [TRACE] Graph after step *terraform.MissingProvisionerTransformer:

anypoint_business_group.Org1 - *terraform.NodeApplyableResource
  provider.anypoint - *terraform.NodeApplyableProvider
provider.anypoint - *terraform.NodeApplyableProvider
2018/09/05 23:06:34 [TRACE] Graph after step *terraform.ProvisionerTransformer:

anypoint_business_group.Org1 - *terraform.NodeApplyableResource
  provider.anypoint - *terraform.NodeApplyableProvider
provider.anypoint - *terraform.NodeApplyableProvider
2018/09/05 23:06:34 [TRACE] Graph after step *terraform.RootVariableTransformer:

anypoint_business_group.Org1 - *terraform.NodeApplyableResource
  provider.anypoint - *terraform.NodeApplyableProvider
provider.anypoint - *terraform.NodeApplyableProvider
2018/09/05 23:06:34 [TRACE] Graph after step *terraform.LocalTransformer:

anypoint_business_group.Org1 - *terraform.NodeApplyableResource
  provider.anypoint - *terraform.NodeApplyableProvider
provider.anypoint - *terraform.NodeApplyableProvider
2018/09/05 23:06:34 [TRACE] Graph after step *terraform.OutputTransformer:

anypoint_business_group.Org1 - *terraform.NodeApplyableResource
  provider.anypoint - *terraform.NodeApplyableProvider
provider.anypoint - *terraform.NodeApplyableProvider
2018/09/05 23:06:34 [TRACE] Graph after step *terraform.ModuleVariableTransformer:

anypoint_business_group.Org1 - *terraform.NodeApplyableResource
  provider.anypoint - *terraform.NodeApplyableProvider
provider.anypoint - *terraform.NodeApplyableProvider
2018/09/05 23:06:34 [TRACE] Graph after step *terraform.RemovedModuleTransformer:

anypoint_business_group.Org1 - *terraform.NodeApplyableResource
  provider.anypoint - *terraform.NodeApplyableProvider
provider.anypoint - *terraform.NodeApplyableProvider
2018/09/05 23:06:34 [DEBUG] ReferenceTransformer: "anypoint_business_group.Org1" references: []
2018/09/05 23:06:34 [DEBUG] ReferenceTransformer: "provider.anypoint" references: []
2018/09/05 23:06:34 [TRACE] Graph after step *terraform.ReferenceTransformer:

anypoint_business_group.Org1 - *terraform.NodeApplyableResource
  provider.anypoint - *terraform.NodeApplyableProvider
provider.anypoint - *terraform.NodeApplyableProvider
2018/09/05 23:06:34 [TRACE] Graph after step *terraform.CountBoundaryTransformer:

anypoint_business_group.Org1 - *terraform.NodeApplyableResource
  provider.anypoint - *terraform.NodeApplyableProvider
meta.count-boundary (count boundary fixup) - *terraform.NodeCountBoundary
  anypoint_business_group.Org1 - *terraform.NodeApplyableResource
  provider.anypoint - *terraform.NodeApplyableProvider
provider.anypoint - *terraform.NodeApplyableProvider
2018/09/05 23:06:34 [TRACE] Graph after step *terraform.TargetsTransformer:

anypoint_business_group.Org1 - *terraform.NodeApplyableResource
  provider.anypoint - *terraform.NodeApplyableProvider
meta.count-boundary (count boundary fixup) - *terraform.NodeCountBoundary
  anypoint_business_group.Org1 - *terraform.NodeApplyableResource
  provider.anypoint - *terraform.NodeApplyableProvider
provider.anypoint - *terraform.NodeApplyableProvider
2018/09/05 23:06:34 [TRACE] Graph after step *terraform.CloseProviderTransformer:

anypoint_business_group.Org1 - *terraform.NodeApplyableResource
  provider.anypoint - *terraform.NodeApplyableProvider
meta.count-boundary (count boundary fixup) - *terraform.NodeCountBoundary
  anypoint_business_group.Org1 - *terraform.NodeApplyableResource
  provider.anypoint - *terraform.NodeApplyableProvider
provider.anypoint - *terraform.NodeApplyableProvider
provider.anypoint (close) - *terraform.graphNodeCloseProvider
  anypoint_business_group.Org1 - *terraform.NodeApplyableResource
  provider.anypoint - *terraform.NodeApplyableProvider
2018/09/05 23:06:34 [TRACE] Graph after step *terraform.CloseProvisionerTransformer:

anypoint_business_group.Org1 - *terraform.NodeApplyableResource
  provider.anypoint - *terraform.NodeApplyableProvider
meta.count-boundary (count boundary fixup) - *terraform.NodeCountBoundary
  anypoint_business_group.Org1 - *terraform.NodeApplyableResource
  provider.anypoint - *terraform.NodeApplyableProvider
provider.anypoint - *terraform.NodeApplyableProvider
provider.anypoint (close) - *terraform.graphNodeCloseProvider
  anypoint_business_group.Org1 - *terraform.NodeApplyableResource
  provider.anypoint - *terraform.NodeApplyableProvider
2018/09/05 23:06:34 [TRACE] Graph after step *terraform.RootTransformer:

anypoint_business_group.Org1 - *terraform.NodeApplyableResource
  provider.anypoint - *terraform.NodeApplyableProvider
meta.count-boundary (count boundary fixup) - *terraform.NodeCountBoundary
  anypoint_business_group.Org1 - *terraform.NodeApplyableResource
  provider.anypoint - *terraform.NodeApplyableProvider
provider.anypoint - *terraform.NodeApplyableProvider
provider.anypoint (close) - *terraform.graphNodeCloseProvider
  anypoint_business_group.Org1 - *terraform.NodeApplyableResource
  provider.anypoint - *terraform.NodeApplyableProvider
root - terraform.graphNodeRoot
  meta.count-boundary (count boundary fixup) - *terraform.NodeCountBoundary
  provider.anypoint (close) - *terraform.graphNodeCloseProvider
2018/09/05 23:06:34 [TRACE] Graph after step *terraform.TransitiveReductionTransformer:

anypoint_business_group.Org1 - *terraform.NodeApplyableResource
  provider.anypoint - *terraform.NodeApplyableProvider
meta.count-boundary (count boundary fixup) - *terraform.NodeCountBoundary
  anypoint_business_group.Org1 - *terraform.NodeApplyableResource
provider.anypoint - *terraform.NodeApplyableProvider
provider.anypoint (close) - *terraform.graphNodeCloseProvider
  anypoint_business_group.Org1 - *terraform.NodeApplyableResource
root - terraform.graphNodeRoot
  meta.count-boundary (count boundary fixup) - *terraform.NodeCountBoundary
  provider.anypoint (close) - *terraform.graphNodeCloseProvider
2018/09/05 23:06:34 [DEBUG] Starting graph walk: walkApply
2018/09/05 23:06:34 [TRACE] dag/walk: added new vertex: "provider.anypoint (close)"
2018/09/05 23:06:34 [TRACE] dag/walk: added new vertex: "root"
2018/09/05 23:06:34 [TRACE] dag/walk: added new vertex: "anypoint_business_group.Org1"
2018/09/05 23:06:34 [TRACE] dag/walk: added new vertex: "provider.anypoint"
2018/09/05 23:06:34 [TRACE] dag/walk: added new vertex: "meta.count-boundary (count boundary fixup)"
2018/09/05 23:06:34 [TRACE] dag/walk: added edge: "provider.anypoint (close)" waiting on "anypoint_business_group.Org1"
2018/09/05 23:06:34 [TRACE] dag/walk: added edge: "root" waiting on "meta.count-boundary (count boundary fixup)"
2018/09/05 23:06:34 [TRACE] dag/walk: added edge: "root" waiting on "provider.anypoint (close)"
2018/09/05 23:06:34 [TRACE] dag/walk: added edge: "anypoint_business_group.Org1" waiting on "provider.anypoint"
2018/09/05 23:06:34 [TRACE] dag/walk: added edge: "meta.count-boundary (count boundary fixup)" waiting on "anypoint_business_group.Org1"
2018/09/05 23:06:34 [TRACE] dag/walk: dependencies changed for "provider.anypoint (close)", sending new deps
2018/09/05 23:06:34 [TRACE] dag/walk: dependencies changed for "root", sending new deps
2018/09/05 23:06:34 [TRACE] dag/walk: dependencies changed for "anypoint_business_group.Org1", sending new deps
2018/09/05 23:06:34 [TRACE] dag/walk: dependencies changed for "meta.count-boundary (count boundary fixup)", sending new deps
2018/09/05 23:06:34 [TRACE] dag/walk: walking "provider.anypoint"
2018/09/05 23:06:34 [TRACE] vertex 'root.provider.anypoint': walking
2018/09/05 23:06:34 [TRACE] vertex 'root.provider.anypoint': evaluating
2018/09/05 23:06:34 [TRACE] [walkApply] Entering eval tree: provider.anypoint
2018/09/05 23:06:34 [TRACE] root: eval: *terraform.EvalSequence
2018/09/05 23:06:34 [TRACE] root: eval: *terraform.EvalInitProvider
2018/09/05 23:06:34 [TRACE] root: eval: terraform.EvalNoop
2018/09/05 23:06:34 [TRACE] root: eval: terraform.EvalNoop
2018/09/05 23:06:34 [TRACE] root: eval: *terraform.EvalOpFilter
2018/09/05 23:06:34 [TRACE] root: eval: *terraform.EvalSequence
2018/09/05 23:06:34 [TRACE] root: eval: *terraform.EvalGetProvider
2018/09/05 23:06:34 [TRACE] root: eval: *terraform.EvalInterpolateProvider
2018/09/05 23:06:34 [TRACE] root: eval: *terraform.EvalBuildProviderConfig
2018/09/05 23:06:34 [TRACE] root: eval: *terraform.EvalOpFilter
2018/09/05 23:06:34 [TRACE] root: eval: *terraform.EvalSequence
2018/09/05 23:06:34 [TRACE] root: eval: *terraform.EvalConfigProvider
2018-09-05T23:06:34.699+0100 [DEBUG] plugin.terraform-provider-anypoint: 2018/09/05 23:06:34 Logging in with {44012068 %N1c013tt0%}
2018-09-05T23:06:34.699+0100 [DEBUG] plugin.terraform-provider-anypoint: 2018/09/05 23:06:34 POST-ing to https://anypoint.mulesoft.com/accounts/login
2018-09-05T23:06:34.699+0100 [DEBUG] plugin.terraform-provider-anypoint: 2018/09/05 23:06:34 ContentType: %!s(sdk.ContentType=0)
2018-09-05T23:06:34.699+0100 [DEBUG] plugin.terraform-provider-anypoint: 2018/09/05 23:06:34 Set body to application/json
2018-09-05T23:06:34.699+0100 [DEBUG] plugin.terraform-provider-anypoint: 2018/09/05 23:06:34 REQUEST DUMP
2018-09-05T23:06:34.699+0100 [DEBUG] plugin.terraform-provider-anypoint: 2018/09/05 23:06:34 POST /accounts/login HTTP/1.1
2018-09-05T23:06:34.699+0100 [DEBUG] plugin.terraform-provider-anypoint: Host: anypoint.mulesoft.com
2018-09-05T23:06:34.699+0100 [DEBUG] plugin.terraform-provider-anypoint: Content-Type: application/json
2018-09-05T23:06:34.699+0100 [DEBUG] plugin.terraform-provider-anypoint: 
2018-09-05T23:06:34.699+0100 [DEBUG] plugin.terraform-provider-anypoint: 2018/09/05 23:06:34 http2: Transport failed to get client conn for anypoint.mulesoft.com:443: http2: no cached connection was available
2018-09-05T23:06:35.003+0100 [DEBUG] plugin.terraform-provider-anypoint: 2018/09/05 23:06:35 RESPONSE
2018-09-05T23:06:35.003+0100 [DEBUG] plugin.terraform-provider-anypoint: 2018/09/05 23:06:35
2018-09-05T23:06:35.003+0100 [DEBUG] plugin.terraform-provider-anypoint:  POST RESPONSE: %!(NOVERB)%!(EXTRA string=)
2018-09-05T23:06:35.003+0100 [DEBUG] plugin.terraform-provider-anypoint: 2018/09/05 23:06:35 Been able to login: {1d77a5f9-7098-4192-9337-b4de304e560f}
2018/09/05 23:06:35 [TRACE] [walkApply] Exiting eval tree: provider.anypoint
2018/09/05 23:06:35 [TRACE] dag/walk: walking "anypoint_business_group.Org1"
2018/09/05 23:06:35 [TRACE] vertex 'root.anypoint_business_group.Org1': walking
2018/09/05 23:06:35 [TRACE] vertex 'root.anypoint_business_group.Org1': evaluating
2018/09/05 23:06:35 [TRACE] [walkApply] Entering eval tree: anypoint_business_group.Org1
2018/09/05 23:06:35 [TRACE] root: eval: *terraform.EvalSequence
2018/09/05 23:06:35 [TRACE] root: eval: *terraform.EvalInstanceInfo
2018/09/05 23:06:35 [TRACE] root: eval: *terraform.EvalReadDiff
2018/09/05 23:06:35 [TRACE] root: eval: *terraform.EvalIf
2018/09/05 23:06:35 [TRACE] root: eval: terraform.EvalNoop
2018/09/05 23:06:35 [TRACE] root: eval: *terraform.EvalIf
2018/09/05 23:06:35 [TRACE] root: eval: *terraform.EvalInterpolate
2018/09/05 23:06:35 [TRACE] root: eval: *terraform.EvalInterpolate
2018/09/05 23:06:35 [TRACE] root: eval: *terraform.EvalGetProvider
2018/09/05 23:06:35 [TRACE] root: eval: *terraform.EvalReadState
2018/09/05 23:06:35 [TRACE] root: eval: *terraform.EvalValidateResource
2018/09/05 23:06:35 [TRACE] root: eval: *terraform.EvalDiff
2018/09/05 23:06:35 [TRACE] root: eval: *terraform.EvalReadDiff
2018/09/05 23:06:35 [TRACE] root: eval: *terraform.EvalCompareDiff
2018/09/05 23:06:35 [TRACE] root: eval: *terraform.EvalGetProvider
2018/09/05 23:06:35 [TRACE] root: eval: *terraform.EvalReadState
2018/09/05 23:06:35 [TRACE] root: eval: *terraform.EvalApplyPre
2018/09/05 23:06:35 [TRACE] root: eval: *terraform.EvalApply
2018/09/05 23:06:35 [DEBUG] apply: anypoint_business_group.Org1: executing Apply
2018-09-05T23:06:35.012+0100 [DEBUG] plugin.terraform-provider-anypoint: panic: interface conversion: interface {} is *anypoint.Config, not anypoint.Config
2018-09-05T23:06:35.012+0100 [DEBUG] plugin.terraform-provider-anypoint: 
2018-09-05T23:06:35.012+0100 [DEBUG] plugin.terraform-provider-anypoint: goroutine 90 [running]:
2018-09-05T23:06:35.012+0100 [DEBUG] plugin.terraform-provider-anypoint: github.com/tech-nico/terraform-provider-anypoint/anypoint.resourceBGCreate(0xc42020dc00, 0x181c1c0, 0xc42000e0f0, 0x24, 0x1f7b000)
2018-09-05T23:06:35.012+0100 [DEBUG] plugin.terraform-provider-anypoint: 	/Users/nbalestra/dev/go/src/github.com/tech-nico/terraform-provider-anypoint/anypoint/resource_business_group.go:27 +0x20f
2018-09-05T23:06:35.012+0100 [DEBUG] plugin.terraform-provider-anypoint: github.com/hashicorp/terraform/helper/schema.(*Resource).Apply(0xc42020c9a0, 0xc4201845a0, 0xc4202bdae0, 0x181c1c0, 0xc42000e0f0, 0xc42065fb01, 0xc4203bdb88, 0x10bc32c)
2018-09-05T23:06:35.012+0100 [DEBUG] plugin.terraform-provider-anypoint: 	/Users/nbalestra/dev/go/src/github.com/hashicorp/terraform/helper/schema/resource.go:225 +0x35a
2018-09-05T23:06:35.012+0100 [DEBUG] plugin.terraform-provider-anypoint: github.com/hashicorp/terraform/helper/schema.(*Provider).Apply(0xc42020ca80, 0xc420184550, 0xc4201845a0, 0xc4202bdae0, 0x18, 0x18, 0xc4202bdb20)
2018-09-05T23:06:35.012+0100 [DEBUG] plugin.terraform-provider-anypoint: 	/Users/nbalestra/dev/go/src/github.com/hashicorp/terraform/helper/schema/provider.go:283 +0xa4
2018-09-05T23:06:35.012+0100 [DEBUG] plugin.terraform-provider-anypoint: github.com/hashicorp/terraform/plugin.(*ResourceProviderServer).Apply(0xc4202bcc00, 0xc4202bd6a0, 0xc4202b1950, 0x0, 0x0)
2018-09-05T23:06:35.012+0100 [DEBUG] plugin.terraform-provider-anypoint: 	/Users/nbalestra/dev/go/src/github.com/hashicorp/terraform/plugin/resource_provider.go:527 +0x57
2018-09-05T23:06:35.012+0100 [DEBUG] plugin.terraform-provider-anypoint: reflect.Value.call(0xc4203c4660, 0xc4203ca3c0, 0x13, 0x19a94e2, 0x4, 0xc4203bdf18, 0x3, 0x3, 0xc420352200, 0x20002, ...)
2018-09-05T23:06:35.012+0100 [DEBUG] plugin.terraform-provider-anypoint: 	/usr/local/go/src/reflect/value.go:447 +0x969
2018-09-05T23:06:35.012+0100 [DEBUG] plugin.terraform-provider-anypoint: reflect.Value.Call(0xc4203c4660, 0xc4203ca3c0, 0x13, 0xc4204e5718, 0x3, 0x3, 0xc42014e2a0, 0x13e2f6b, 0x1)
2018-09-05T23:06:35.012+0100 [DEBUG] plugin.terraform-provider-anypoint: 	/usr/local/go/src/reflect/value.go:308 +0xa4
2018-09-05T23:06:35.012+0100 [DEBUG] plugin.terraform-provider-anypoint: net/rpc.(*service).call(0xc420353780, 0xc420184410, 0xc4202a4600, 0xc4202a4610, 0xc42017e080, 0xc4202bd1c0, 0x1815980, 0xc4202bd6a0, 0x16, 0x18159c0, ...)
2018-09-05T23:06:35.012+0100 [DEBUG] plugin.terraform-provider-anypoint: 	/usr/local/go/src/net/rpc/server.go:384 +0x14e
2018-09-05T23:06:35.012+0100 [DEBUG] plugin.terraform-provider-anypoint: created by net/rpc.(*Server).ServeCodec
2018-09-05T23:06:35.012+0100 [DEBUG] plugin.terraform-provider-anypoint: 	/usr/local/go/src/net/rpc/server.go:480 +0x43a
2018/09/05 23:06:35 [TRACE] root: eval: *terraform.EvalWriteState
2018-09-05T23:06:35.016+0100 [DEBUG] plugin: plugin process exited: path=/Users/nbalestra/dev/go/src/github.com/tech-nico/terraform-provider-anypoint/terraform-provider-anypoint
2018/09/05 23:06:35 [TRACE] root: eval: *terraform.EvalApplyProvisioners
2018/09/05 23:06:35 [TRACE] root: eval: *terraform.EvalIf
2018/09/05 23:06:35 [TRACE] root: eval: *terraform.EvalWriteState
2018/09/05 23:06:35 [TRACE] root: eval: *terraform.EvalWriteDiff
2018/09/05 23:06:35 [TRACE] root: eval: *terraform.EvalApplyPost
2018/09/05 23:06:35 [ERROR] root: eval: *terraform.EvalApplyPost, err: 1 error(s) occurred:

* anypoint_business_group.Org1: unexpected EOF
2018/09/05 23:06:35 [ERROR] root: eval: *terraform.EvalSequence, err: 1 error(s) occurred:

* anypoint_business_group.Org1: unexpected EOF
2018/09/05 23:06:35 [TRACE] [walkApply] Exiting eval tree: anypoint_business_group.Org1
2018/09/05 23:06:35 [TRACE] dag/walk: upstream errored, not walking "provider.anypoint (close)"
2018/09/05 23:06:35 [TRACE] dag/walk: upstream errored, not walking "meta.count-boundary (count boundary fixup)"
2018/09/05 23:06:35 [TRACE] dag/walk: upstream errored, not walking "root"
2018/09/05 23:06:35 [TRACE] Preserving existing state lineage "ad255d93-ecbe-fe8f-87d3-424f957519cf"
2018/09/05 23:06:35 [TRACE] Preserving existing state lineage "ad255d93-ecbe-fe8f-87d3-424f957519cf"
2018/09/05 23:06:35 [TRACE] Preserving existing state lineage "ad255d93-ecbe-fe8f-87d3-424f957519cf"
2018/09/05 23:06:35 [TRACE] Preserving existing state lineage "ad255d93-ecbe-fe8f-87d3-424f957519cf"
2018/09/05 23:06:35 [DEBUG] plugin: waiting for all plugin processes to complete...
2018-09-05T23:06:35.019+0100 [WARN ] plugin: error closing client during Kill: err="connection is shut down"
